make all --print-data-base --no-builtin-variables --no-builtin-rules --question
# GNU Make 4.2.1
# Built for x86_64-pc-linux-gnu
# Copyright (C) 1988-2016 Free Software Foundation, Inc.
# License GPLv3+: GNU GPL version 3 or later <http://gnu.org/licenses/gpl.html>
# This is free software: you are free to change and redistribute it.
# There is NO WARRANTY, to the extent permitted by law.

# Make data base, printed on Fri May 27 11:20:39 2022

# Variables

# 'override' directive
GNUMAKEFLAGS := 
# automatic
<D = $(patsubst %/,%,$(dir $<))
# automatic
?F = $(notdir $?)
# environment
 
PAPERSIZE = letter
# environment
DESKTOP_SESSION = ubuntu
# default
.SHELLFLAGS := -c
# makefile (from 'Makefile', line 19)
OBJ = $(SRC:$(SRCDIR)/%$(EXT)=$(OBJDIR)/%.o)
# environment
XDG_SESSION_CLASS = user
# makefile (from 'Makefile', line 18)
SRC = $(wildcard $(SRCDIR)/*$(EXT))
# environment
SNAP_COMMON = /var/snap/code/common
# environment
XDG_SESSION_TYPE = x11
# environment
VSCODE_LOG_NATIVE = false
# automatic
?D = $(patsubst %/,%,$(dir $?))
# environment
IM_CONFIG_PHASE = 1
# automatic
@D = $(patsubst %/,%,$(dir $@))
# environment
XAUTHORITY = /run/user/1000/gdm/Xauthority
# environment
GDMSESSION = ubuntu
# environment
XMODIFIERS = @im=ibus
# makefile
CURDIR := /home/mauro/Programming/Holberton/holbertonschool-low_level_programming/0x1A-hash_tables
# makefile
SHELL = /bin/sh
# makefile (from 'Makefile', line 22)
RM = rm
# environment
SNAP_DATA = /var/snap/code/97
# environment
VSCODE_NLS_CONFIG = {"locale":"en-us","availableLanguages":{},"_languagePackSupport":true}
# environment
JOURNAL_STREAM = 8:45944
# environment
XDG_CONFIG_DIRS = /etc/xdg/xdg-ubuntu:/etc/xdg
# environment
SNAP_INSTANCE_NAME = code
# environment
SNAP_ARCH = amd64
# makefile (from '5-hash_table_print.d', line 1)
MAKEFILE_LIST :=  Makefile 1-djb2.d 6-hash_table_delete.d 4-hash_table_get.d 3-hash_table_set.d 6-main.d 0-hash_table_create.d 2-key_index.d 5-hash_table_print.d
# automatic
@F = $(notdir $@)
# environment
GIO_LAUNCHED_DESKTOP_FILE = /var/lib/snapd/desktop/applications/code_code.desktop
# environment
USERNAME = mauro
# makefile (from 'Makefile', line 7)
CXXFLAGS = -g -Wall -Werror -Wextra -pedantic -std=gnu89
# environment
MAKELEVEL := 0
# environment
XDG_DATA_DIRS = /usr/share/ubuntu:/usr/local/share/:/usr/share/:/var/lib/snapd/desktop
# environment
DBUS_SESSION_BUS_ADDRESS = unix:path=/run/user/1000/bus
# environment
VSCODE_VERBOSE_LOGGING = true
# environment
_ = /snap/code/97/usr/share/code/code
# makefile (from 'Makefile', line 25)
DEL = del
# environment
MANAGERPID = 1553
# environment
LESSOPEN = | /usr/bin/lesspipe %s
# environment
LC_NAME = en_US.UTF-8
# environment
VSCODE_CWD = /home/mauro
# environment
GSETTINGS_SCHEMA_DIR = /snap/code/97/usr/share/glib-2.0/schemas
# default
MAKE_HOST := x86_64-pc-linux-gnu
# environment
PATH = /home/mauro/.local/bin:/home/mauro/.local/bin:/usr/local/sbin:/usr/local/bin:/usr/sbin:/usr/bin:/sbin:/bin:/usr/games:/usr/local/games:/snap/bin
# environment
GPG_AGENT_INFO = /run/user/1000/gnupg/S.gpg-agent:0:1
# makefile (from 'Makefile', line 20)
DEP = $(OBJ:$(OBJDIR)/%.o=%.d)
# environment
SESSION_MANAGER = local/mauro-SVT21217CXB:@/tmp/.ICE-unix/1767,unix/mauro-SVT21217CXB:/tmp/.ICE-unix/1767
# environment
XDG_RUNTIME_DIR = /run/user/1000
# environment
GDK_PIXBUF_MODULE_FILE = /home/mauro/snap/code/common/.cache/gdk-pixbuf-loaders.cache
# environment
SNAP = /snap/code/97
# environment
SNAP_VERSION = c3511e6c
# environment
XDG_MENU_PREFIX = gnome-
# environment
VSCODE_LOG_STACK = false
# environment
DISABLE_WAYLAND = 1
# environment
ELECTRON_RUN_AS_NODE = 1
# environment
INVOCATION_ID = 05a4057199a64cd5a101f4fdac14f7d1
# makefile (from 'Makefile', line 8)
LDFLAGS = 
# environment
GDK_PIXBUF_MODULEDIR = /snap/code/97/usr/lib/x86_64-linux-gnu/gdk-pixbuf-2.0/2.10.0/loaders
# default
.FEATURES := target-specific order-only second-expansion else-if shortest-stem undefine oneshell archives jobserver output-sync check-symlink load
# environment
LS_COLORS = 
# environment
XDG_SESSION_DESKTOP = ubuntu
# environment
SSH_AUTH_SOCK = /run/user/1000/keyring/ssh
# environment
GIO_LAUNCHED_DESKTOP_FILE_PID = 3873
# automatic
%F = $(notdir $%)
# environment
DISPLAY = :0
# makefile (from 'Makefile', line 13)
SRCDIR = /home/mauro/Programming/Holberton/holbertonschool-low_level_programming/0x1A-hash_tables/src
# environment
VSCODE_PIPE_LOGGING = true
# environment
SNAP_INSTANCE_KEY = 
# environment
PWD = /home/mauro/Programming/Holberton/holbertonschool-low_level_programming/0x1A-hash_tables
# default
.LOADED := 
# environment
SSH_AGENT_PID = 1730
# environment
ORIGINAL_XDG_CURRENT_DESKTOP = ubuntu:GNOME
# environment
GTK_MODULES = gail:atk-bridge
# environment
VSCODE_AMD_ENTRYPOINT = vs/workbench/api/node/extensionHostProcess
# environment
HOME = /home/mauro
# environment
LESSCLOSE = /usr/bin/lesspipe %s %s
# environment
VSCODE_CLI = 1
# environment
VSCODE_CODE_CACHE_PATH = /home/mauro/.config/Code/CachedData/c3511e6c69bb39013c4a4b7b9566ec1ca73fc4d5
# environment
LOGNAME = mauro
# environment
APPLICATION_INSIGHTS_NO_DIAGNOSTIC_CHANNEL = 1
# makefile (from 'Makefile', line 23)
DELOBJ = $(OBJ)
# environment
SNAP_LIBRARY_PATH = /var/lib/snapd/lib/gl:/var/lib/snapd/lib/gl32:/var/lib/snapd/void
# environment
SNAP_CONTEXT = rkXmz5YR28qQotmbwSciFKnUFNKG4qXupHRMDpmB46AQS-Yz3-nS
# automatic
+F = $(notdir $+)
# environment
ELECTRON_NO_ATTACH_CONSOLE = 1
# environment
SNAP_USER_COMMON = /home/mauro/snap/code/common
# environment
VSCODE_HANDLES_UNCAUGHT_ERRORS = true
# environment
GNOME_DESKTOP_SESSION_ID = this-is-deprecated
# automatic
^D = $(patsubst %/,%,$(dir $^))
# environment
LC_TIME = en_US.UTF-8
# environment
SNAP_REAL_HOME = /home/mauro
# default
MAKE = $(MAKE_COMMAND)
# default
MAKECMDGOALS := all
# environment
QT_IM_MODULE = ibus
# environment
SNAP_USER_DATA = /home/mauro/snap/code/97
# environment
SHLVL = 0
# makefile (from 'Makefile', line 6)
CC = gcc
# environment
GNOME_SHELL_SESSION_MODE = ubuntu
# environment
VSCODE_IPC_HOOK_EXTHOST = /run/user/1000/vscode-ipc-4d9c5ed5-7633-4ea5-8b70-2d1314593769.sock
# default
MAKE_VERSION := 4.2.1
# environment
USER = mauro
# environment
SNAP_REVISION = 97
 
# environment
LC_MONETARY = en_US.UTF-8
# makefile
.DEFAULT_GOAL := all
# environment
XDG_CURRENT_DESKTOP = Unity
# automatic
%D = $(patsubst %/,%,$(dir $%))
# environment
LC_TELEPHONE = en_US.UTF-8
# default
MAKE_COMMAND := make
# default
.VARIABLES := 
# automatic
*F = $(notdir $*)
# environment
VSCODE_IPC_HOOK = /run/user/1000/vscode-ab612523-1.67.2-main.sock
# environment
BAMF_DESKTOP_FILE_HINT = /var/lib/snapd/desktop/applications/code_code.desktop
# makefile (from 'Makefile', line 12)
EXT = .c
# makefile
MAKEFLAGS = pqrR
# environment
MFLAGS = -pqrR
# automatic
*D = $(patsubst %/,%,$(dir $*))
# automatic
+D = $(patsubst %/,%,$(dir $+))
# environment
GDK_BACKEND = x11
# environment
LC_PAPER = en_US.UTF-8
# makefile (from 'Makefile', line 11)
APPNAME = g
# environment
LC_IDENTIFICATION = en_US.UTF-8
# environment
QT_ACCESSIBILITY = 1
# default
MAKEFILES := 
# environment
SNAP_COOKIE = rkXmz5YR28qQotmbwSciFKnUFNKG4qXupHRMDpmB46AQS-Yz3-nS
# environment
LC_NUMERIC = en_US.UTF-8
# automatic
<F = $(notdir $<)
# makefile (from 'Makefile', line 14)
OBJDIR = /home/mauro/Programming/Holberton/holbertonschool-low_level_programming/0x1A-hash_tables/obj
# environment
LC_MEASUREMENT = en_US.UTF-8
# environment
SNAP_NAME = code
# environment
LC_ALL = C
# makefile (from 'Makefile', line 27)
WDELOBJ = $(SRC:$(SRCDIR)/%$(EXT)=$(OBJDIR)\\%.o)
# environment
GJS_DEBUG_TOPICS = JS ERROR;JS LOG
# automatic
^F = $(notdir $^)
# default
SUFFIXES := 
# environment
SNAP_REEXEC = 
# environment
CHROME_DESKTOP = code-url-handler.desktop
# environment
WINDOWPATH = 2
# default
.INCLUDE_DIRS = /usr/include /usr/local/include /usr/include
# environment
GJS_DEBUG_OUTPUT = stderr
# default
.RECIPEPREFIX := 
# makefile (from 'Makefile', line 26)
EXE = .exe
# environment
LC_ADDRESS = en_US.UTF-8
# environment
LANG = C
# environment
VSCODE_PID = 3923
# variable set hash-table stats:
# Load=145/1024=14%, Rehash=0, Collisions=41/216=19%

# Pattern-specific Variable Values

# No pattern-specific variable values.

# Directories

# . (device 2050, inode 14025911): 35 files, no impossibilities.
# /home/mauro/Programming/Holberton/holbertonschool-low_level_programming/0x1A-hash_tables/src (device 2050, inode 15075939): 11 files, no impossibilities.

# 46 files, no impossibilities in 2 directories.

# Implicit Rules

%.d: /home/mauro/Programming/Holberton/holbertonschool-low_level_programming/0x1A-hash_tables/src/%.c
#  recipe to execute (from 'Makefile', line 45):
	@$(CPP) $(CFLAGS) $< -MM -MT $(@:%.d=$(OBJDIR)/%.o) >$@

/home/mauro/Programming/Holberton/holbertonschool-low_level_programming/0x1A-hash_tables/obj/%.o: /home/mauro/Programming/Holberton/holbertonschool-low_level_programming/0x1A-hash_tables/src/%.c
#  recipe to execute (from 'Makefile', line 52):
	$(CC) $(CXXFLAGS) -o $@ -c $<

# 2 implicit rules, 0 (0.0%) terminal.

# Files

# Not a target:
/home/mauro/Programming/Holberton/holbertonschool-low_level_programming/0x1A-hash_tables/src/0-hash_table_create.c:
#  Implicit rule search has been done.
 
#  Last modified 2022-05-26 22:32:15.423467034
#  File has been updated.
#  Successfully updated.

g: /home/mauro/Programming/Holberton/holbertonschool-low_level_programming/0x1A-hash_tables/obj/1-djb2.o /home/mauro/Programming/Holberton/holbertonschool-low_level_programming/0x1A-hash_tables/obj/6-hash_table_delete.o /home/mauro/Programming/Holberton/holbertonschool-low_level_programming/0x1A-hash_tables/obj/4-hash_table_get.o /home/mauro/Programming/Holberton/holbertonschool-low_level_programming/0x1A-hash_tables/obj/3-hash_table_set.o /home/mauro/Programming/Holberton/holbertonschool-low_level_programming/0x1A-hash_tables/obj/6-main.o /home/mauro/Programming/Holberton/holbertonschool-low_level_programming/0x1A-hash_tables/obj/0-hash_table_create.o /home/mauro/Programming/Holberton/holbertonschool-low_level_programming/0x1A-hash_tables/obj/2-key_index.o /home/mauro/Programming/Holberton/holbertonschool-low_level_programming/0x1A-hash_tables/obj/5-hash_table_print.o
#  Implicit rule search has not been done.
#  Last modified 2022-05-26 20:09:02.487125872
#  File has been updated.
#  Needs to be updated (-q is set).
# variable set hash-table stats:
# Load=0/32=0%, Rehash=0, Collisions=0/5=0%
#  recipe to execute (from 'Makefile', line 41):
	$(CC) $(CXXFLAGS) -o $@ $^ $(LDFLAGS)

all: g
#  Command line target.
#  Implicit rule search has been done.
#  File does not exist.
#  File has been updated.
#  Needs to be updated (-q is set).
# variable set hash-table stats:
# Load=0/32=0%, Rehash=0, Collisions=0/5=0%

# Not a target:
/home/mauro/Programming/Holberton/holbertonschool-low_level_programming/0x1A-hash_tables/src/6-hash_table_delete.c:
#  Implicit rule search has been done.
#  Last modified 2022-05-26 20:08:16.222355339
#  File has been updated.
#  Successfully updated.

.PHONY: clean cleandep cleanw cleandepw
#  Implicit rule search has not been done.
#  Modification time never checked.
#  File has not been updated.

3-hash_table_set.d: /home/mauro/Programming/Holberton/holbertonschool-low_level_programming/0x1A-hash_tables/src/3-hash_table_set.c
#  Implicit rule search has been done.
#  Implicit/static pattern stem: '3-hash_table_set'
#  Last modified 2022-05-27 11:20:38.879138564
#  File has been updated.
#  Successfully updated.
#  recipe to execute (from 'Makefile', line 45):
	@$(CPP) $(CFLAGS) $< -MM -MT $(@:%.d=$(OBJDIR)/%.o) >$@

# Not a target:
/home/mauro/Programming/Holberton/holbertonschool-low_level_programming/0x1A-hash_tables/src/1-djb2.c:
#  Implicit rule search has been done.
#  Last modified 2022-05-26 13:37:44.683170341
#  File has been updated.
#  Successfully updated.

# Not a target:
/home/mauro/Programming/Holberton/holbertonschool-low_level_programming/0x1A-hash_tables/src/2-key_index.c:
#  Implicit rule search has been done.
#  Last modified 2022-05-26 14:49:03.996343292
#  File has been updated.
#  Successfully updated.

# Not a target:
/home/mauro/Programming/Holberton/holbertonschool-low_level_programming/0x1A-hash_tables/src/6-main.c:
#  Implicit rule search has been done.
#  Last modified 2022-05-26 19:53:03.354672515
#  File has been updated.
#  Successfully updated.

2-key_index.d: /home/mauro/Programming/Holberton/holbertonschool-low_level_programming/0x1A-hash_tables/src/2-key_index.c
#  Implicit rule search has been done.
#  Implicit/static pattern stem: '2-key_index'
#  Last modified 2022-05-27 11:20:38.783136241
#  File has been updated.
#  Successfully updated.
#  recipe to execute (from 'Makefile', line 45):
	@$(CPP) $(CFLAGS) $< -MM -MT $(@:%.d=$(OBJDIR)/%.o) >$@

0-hash_table_create.d: /home/mauro/Programming/Holberton/holbertonschool-low_level_programming/0x1A-hash_tables/src/0-hash_table_create.c
#  Implicit rule search has been done.
 
#  Implicit/static pattern stem: '0-hash_table_create'
#  Last modified 2022-05-27 11:20:38.811136919
#  File has been updated.
#  Successfully updated.
#  recipe to execute (from 'Makefile', line 45):
	@$(CPP) $(CFLAGS) $< -MM -MT $(@:%.d=$(OBJDIR)/%.o) >$@

# Not a target:
Makefile:
#  Implicit rule search has been done.
#  Last modified 2022-05-26 20:08:54.302989256
#  File has been updated.
#  Successfully updated.

# Not a target:
/home/mauro/Programming/Holberton/holbertonschool-low_level_programming/0x1A-hash_tables/src/3-hash_table_set.c:
#  Implicit rule search has been done.
#  Last modified 2022-05-26 16:28:29.647674487
#  File has been updated.
#  Successfully updated.

1-djb2.d: /home/mauro/Programming/Holberton/holbertonschool-low_level_programming/0x1A-hash_tables/src/1-djb2.c
#  Implicit rule search has been done.
#  Implicit/static pattern stem: '1-djb2'
#  Last modified 2022-05-27 11:20:38.927139725
#  File has been updated.
#  Successfully updated.
#  recipe to execute (from 'Makefile', line 45):
	@$(CPP) $(CFLAGS) $< -MM -MT $(@:%.d=$(OBJDIR)/%.o) >$@

# Not a target:
/home/mauro/Programming/Holberton/holbertonschool-low_level_programming/0x1A-hash_tables/src/4-hash_table_get.c:
#  Implicit rule search has been done.
#  Last modified 2022-05-26 17:52:01.022132607
#  File has been updated.
#  Successfully updated.

6-hash_table_delete.d: /home/mauro/Programming/Holberton/holbertonschool-low_level_programming/0x1A-hash_tables/src/6-hash_table_delete.c
#  Implicit rule search has been done.
#  Implicit/static pattern stem: '6-hash_table_delete'
#  Last modified 2022-05-27 11:20:38.911139338
#  File has been updated.
#  Successfully updated.
#  recipe to execute (from 'Makefile', line 45):
	@$(CPP) $(CFLAGS) $< -MM -MT $(@:%.d=$(OBJDIR)/%.o) >$@

# Not a target:
/home/mauro/Programming/Holberton/holbertonschool-low_level_programming/0x1A-hash_tables/src/hash_tables.h:
#  Implicit rule search has been done.
#  Last modified 2022-05-26 19:52:26.286009153
#  File has been updated.
#  Successfully updated.

/home/mauro/Programming/Holberton/holbertonschool-low_level_programming/0x1A-hash_tables/obj/0-hash_table_create.o: /home/mauro/Programming/Holberton/holbertonschool-low_level_programming/0x1A-hash_tables/src/0-hash_table_create.c /home/mauro/Programming/Holberton/holbertonschool-low_level_programming/0x1A-hash_tables/src/0-hash_table_create.c /home/mauro/Programming/Holberton/holbertonschool-low_level_programming/0x1A-hash_tables/src/hash_tables.h
#  Implicit rule search has been done.
#  Implicit/static pattern stem: '0-hash_table_create'
#  Last modified 2022-05-26 20:09:02.359123735
#  File has been updated.
#  Needs to be updated (-q is set).
# automatic
# @ := /home/mauro/Programming/Holberton/holbertonschool-low_level_programming/0x1A-hash_tables/obj/0-hash_table_create.o
# automatic
# % := 
# automatic
# * := 0-hash_table_create
# automatic
# + := /home/mauro/Programming/Holberton/holbertonschool-low_level_programming/0x1A-hash_tables/src/0-hash_table_create.c /home/mauro/Programming/Holberton/holbertonschool-low_level_programming/0x1A-hash_tables/src/0-hash_table_create.c /home/mauro/Programming/Holberton/holbertonschool-low_level_programming/0x1A-hash_tables/src/hash_tables.h
# automatic
# | := 
# automatic
# < := /home/mauro/Programming/Holberton/holbertonschool-low_level_programming/0x1A-hash_tables/src/0-hash_table_create.c
# automatic
# ^ := /home/mauro/Programming/Holberton/holbertonschool-low_level_programming/0x1A-hash_tables/src/0-hash_table_create.c /home/mauro/Programming/Holberton/holbertonschool-low_level_programming/0x1A-hash_tables/src/hash_tables.h
# automatic
# ? := /home/mauro/Programming/Holberton/holbertonschool-low_level_programming/0x1A-hash_tables/src/0-hash_table_create.c
# variable set hash-table stats:
# Load=8/32=25%, Rehash=0, Collisions=1/15=7%
#  recipe to execute (from 'Makefile', line 52):
	$(CC) $(CXXFLAGS) -o $@ -c $<

cleanw:
#  Phony target (prerequisite of .PHONY).
#  Implicit rule search has not been done.
#  File does not exist.
#  File has not been updated.
#  recipe to execute (from 'Makefile', line 69):
	$(DEL) $(WDELOBJ) $(DEP) $(APPNAME)$(EXE)

5-hash_table_print.d: /home/mauro/Programming/Holberton/holbertonschool-low_level_programming/0x1A-hash_tables/src/5-hash_table_print.c
#  Implicit rule search has been done.
#  Implicit/static pattern stem: '5-hash_table_print'
#  Last modified 2022-05-27 11:20:38.763135757
#  File has been updated.
#  Successfully updated.
#  recipe to execute (from 'Makefile', line 45):
	@$(CPP) $(CFLAGS) $< -MM -MT $(@:%.d=$(OBJDIR)/%.o) >$@

/home/mauro/Programming/Holberton/holbertonschool-low_level_programming/0x1A-hash_tables/obj/6-hash_table_delete.o: /home/mauro/Programming/Holberton/holbertonschool-low_level_programming/0x1A-hash_tables/src/6-hash_table_delete.c /home/mauro/Programming/Holberton/holbertonschool-low_level_programming/0x1A-hash_tables/src/6-hash_table_delete.c /home/mauro/Programming/Holberton/holbertonschool-low_level_programming/0x1A-hash_tables/src/hash_tables.h
#  Implicit rule search has been done.
#  Implicit/static pattern stem: '6-hash_table_delete'
#  Last modified 2022-05-26 20:09:02.187120862
#  File has been updated.
#  Successfully updated.
#  recipe to execute (from 'Makefile', line 52):
	$(CC) $(CXXFLAGS) -o $@ -c $<

 
6-main.d: /home/mauro/Programming/Holberton/holbertonschool-low_level_programming/0x1A-hash_tables/src/6-main.c
#  Implicit rule search has been done.
#  Implicit/static pattern stem: '6-main'
#  Last modified 2022-05-27 11:20:38.843137693
#  File has been updated.
#  Successfully updated.
#  recipe to execute (from 'Makefile', line 45):
	@$(CPP) $(CFLAGS) $< -MM -MT $(@:%.d=$(OBJDIR)/%.o) >$@

/home/mauro/Programming/Holberton/holbertonschool-low_level_programming/0x1A-hash_tables/obj/1-djb2.o: /home/mauro/Programming/Holberton/holbertonschool-low_level_programming/0x1A-hash_tables/src/1-djb2.c /home/mauro/Programming/Holberton/holbertonschool-low_level_programming/0x1A-hash_tables/src/1-djb2.c /home/mauro/Programming/Holberton/holbertonschool-low_level_programming/0x1A-hash_tables/src/hash_tables.h
#  Implicit rule search has been done.
#  Implicit/static pattern stem: '1-djb2'
#  Last modified 2022-05-26 20:09:02.147120194
#  File has been updated.
#  Successfully updated.
#  recipe to execute (from 'Makefile', line 52):
	$(CC) $(CXXFLAGS) -o $@ -c $<

/home/mauro/Programming/Holberton/holbertonschool-low_level_programming/0x1A-hash_tables/obj/2-key_index.o: /home/mauro/Programming/Holberton/holbertonschool-low_level_programming/0x1A-hash_tables/src/2-key_index.c /home/mauro/Programming/Holberton/holbertonschool-low_level_programming/0x1A-hash_tables/src/hash_tables.h
#  Implicit rule search has not been done.
#  Modification time never checked.
#  File has not been updated.

# makefile (from 'Makefile', line 35)
release: CXXFLAGS = -Wall -02 -DNDEBUG
release: clean g
#  Implicit rule search has not been done.
#  Modification time never checked.
#  File has not been updated.
# variable set hash-table stats:
# Load=1/32=3%, Rehash=0, Collisions=0/1=0%

# Not a target:
.DEFAULT:
#  Implicit rule search has not been done.
#  Modification time never checked.
#  File has not been updated.

/home/mauro/Programming/Holberton/holbertonschool-low_level_programming/0x1A-hash_tables/obj/6-main.o: /home/mauro/Programming/Holberton/holbertonschool-low_level_programming/0x1A-hash_tables/src/6-main.c /home/mauro/Programming/Holberton/holbertonschool-low_level_programming/0x1A-hash_tables/src/6-main.c /home/mauro/Programming/Holberton/holbertonschool-low_level_programming/0x1A-hash_tables/src/hash_tables.h
#  Implicit rule search has been done.
#  Implicit/static pattern stem: '6-main'
#  Last modified 2022-05-26 20:09:02.315123
#  File has been updated.
#  Successfully updated.
#  recipe to execute (from 'Makefile', line 52):
	$(CC) $(CXXFLAGS) -o $@ -c $<

cleandep:
#  Phony target (prerequisite of .PHONY).
#  Implicit rule search has not been done.
#  File does not exist.
#  File has not been updated.
#  recipe to execute (from 'Makefile', line 63):
	$(RM) $(DEP)

cleandepw:
#  Phony target (prerequisite of .PHONY).
#  Implicit rule search has not been done.
#  File does not exist.
#  File has not been updated.
#  recipe to execute (from 'Makefile', line 74):
	$(DEL) $(DEP)

/home/mauro/Programming/Holberton/holbertonschool-low_level_programming/0x1A-hash_tables/obj/3-hash_table_set.o: /home/mauro/Programming/Holberton/holbertonschool-low_level_programming/0x1A-hash_tables/src/3-hash_table_set.c /home/mauro/Programming/Holberton/holbertonschool-low_level_programming/0x1A-hash_tables/src/3-hash_table_set.c /home/mauro/Programming/Holberton/holbertonschool-low_level_programming/0x1A-hash_tables/src/hash_tables.h
#  Implicit rule search has been done.
#  Implicit/static pattern stem: '3-hash_table_set'
#  Last modified 2022-05-26 20:09:02.275122332
#  File has been updated.
#  Successfully updated.
#  recipe to execute (from 'Makefile', line 52):
	$(CC) $(CXXFLAGS) -o $@ -c $<

clean:
#  Phony target (prerequisite of .PHONY).
#  Implicit rule search has not been done.
#  File does not exist.
#  File has not been updated.
#  recipe to execute (from 'Makefile', line 58):
	$(RM) $(DELOBJ) $(DEP) $(APPNAME)

# Not a target:
/home/mauro/Programming/Holberton/holbertonschool-low_level_programming/0x1A-hash_tables/src/5-hash_table_print.c:
#  Implicit rule search has been done.
#  Last modified 2022-05-26 19:42:46.235665796
#  File has been updated.
#  Successfully updated.

/home/mauro/Programming/Holberton/holbertonschool-low_level_programming/0x1A-hash_tables/obj/4-hash_table_get.o: /home/mauro/Programming/Holberton/holbertonschool-low_level_programming/0x1A-hash_tables/src/4-hash_table_get.c /home/mauro/Programming/Holberton/holbertonschool-low_level_programming/0x1A-hash_tables/src/4-hash_table_get.c /home/mauro/Programming/Holberton/holbertonschool-low_level_programming/0x1A-hash_tables/src/hash_tables.h
#  Implicit rule search has been done.
#  Implicit/static pattern stem: '4-hash_table_get'
#  Last modified 2022-05-26 20:09:02.231121597
#  File has been updated.
#  Successfully updated.
#  recipe to execute (from 'Makefile', line 52):
	$(CC) $(CXXFLAGS) -o $@ -c $<

4-hash_table_get.d: /home/mauro/Programming/Holberton/holbertonschool-low_level_programming/0x1A-hash_tables/src/4-hash_table_get.c
#  Implicit rule search has been done.
 
#  Implicit/static pattern stem: '4-hash_table_get'
#  Last modified 2022-05-27 11:20:38.899139048
#  File has been updated.
#  Successfully updated.
#  recipe to execute (from 'Makefile', line 45):
	@$(CPP) $(CFLAGS) $< -MM -MT $(@:%.d=$(OBJDIR)/%.o) >$@

/home/mauro/Programming/Holberton/holbertonschool-low_level_programming/0x1A-hash_tables/obj/5-hash_table_print.o: /home/mauro/Programming/Holberton/holbertonschool-low_level_programming/0x1A-hash_tables/src/5-hash_table_print.c /home/mauro/Programming/Holberton/holbertonschool-low_level_programming/0x1A-hash_tables/src/hash_tables.h
#  Implicit rule search has not been done.
#  Modification time never checked.
#  File has not been updated.

# files hash-table stats:
# Load=36/1024=4%, Rehash=0, Collisions=6/141=4%
# VPATH Search Paths

# No 'vpath' search paths.

# No general ('VPATH' variable) search path.

# strcache buffers: 1 (0) / strings = 75 / storage = 2747 B / avg = 36 B
# current buf: size = 8162 B / used = 2747 B / count = 75 / avg = 36 B

# strcache performance: lookups = 191 / hit rate = 60%
# hash-table stats:
# Load=75/8192=1%, Rehash=0, Collisions=8/191=4%
# Finished Make data base on Fri May 27 11:20:39 2022

 
